<?xml version="1.0" encoding="UTF-8"?>
<testsuite xmlns:xsi="http://www.w3.org/2001/XMLSchema-instance" xsi:noNamespaceSchemaLocation="https://maven.apache.org/surefire/maven-surefire-plugin/xsd/surefire-test-report-3.0.xsd" version="3.0" name="fr.istic.vv.TLSSocketFactoryTest" time="0.041" tests="2" errors="0" skipped="0" failures="0">
  <properties>
[...]
</properties>
  <testcase name="typical" classname="fr.istic.vv.TLSSocketFactoryTest" time="0.024"/>
  <testcase name="preparedSocket_NullProtocols" classname="fr.istic.vv.TLSSocketFactoryTest" time="0.007"/>
</testsuite>